Step	0	Reds	1240	White	1260
Step	1	Reds	1233	White	1267
Step	2	Reds	1254	White	1246
Step	3	Reds	1255	White	1245
Step	4	Reds	1246	White	1254
Step	5	Reds	1229	White	1271
Step	6	Reds	1231	White	1269
Step	7	Reds	1224	White	1276
Step	8	Reds	1238	White	1262
Step	9	Reds	1224	White	1276
Step	10	Reds	1214	White	1286
Step	11	Reds	1207	White	1293
Step	12	Reds	1211	White	1289
Step	13	Reds	1218	White	1282
Step	14	Reds	1215	White	1285
Step	15	Reds	1212	White	1288
Step	16	Reds	1217	White	1283
Step	17	Reds	1214	White	1286
Step	18	Reds	1227	White	1273
Step	19	Reds	1230	White	1270
Step	20	Reds	1236	White	1264
Step	21	Reds	1234	White	1266
Step	22	Reds	1225	White	1275
