Step	0	Reds	1391	White	1109
Step	1	Reds	1581	White	919
Step	2	Reds	1684	White	816
Step	3	Reds	1746	White	754
Step	4	Reds	1783	White	717
Step	5	Reds	1814	White	686
Step	6	Reds	1853	White	647
Step	7	Reds	1875	White	625
Step	8	Reds	1885	White	615
Step	9	Reds	1901	White	599
Step	10	Reds	1908	White	592
Step	11	Reds	1911	White	589
Step	12	Reds	1913	White	587
Step	13	Reds	1919	White	581
Step	14	Reds	1921	White	579
Step	15	Reds	1923	White	577
Step	16	Reds	1925	White	575
Step	17	Reds	1925	White	575
Step	18	Reds	1926	White	574
Step	19	Reds	1926	White	574
Step	20	Reds	1926	White	574
Step	21	Reds	1926	White	574
Step	22	Reds	1926	White	574
Step	23	Reds	1926	White	574
Step	24	Reds	1926	White	574
Step	25	Reds	1926	White	574
Step	26	Reds	1926	White	574
Step	27	Reds	1926	White	574
Step	28	Reds	1926	White	574
Step	29	Reds	1926	White	574
Step	30	Reds	1926	White	574
Step	31	Reds	1926	White	574
