Step	0	Reds	1358	White	1142
Step	1	Reds	1543	White	957
Step	2	Reds	1651	White	849
Step	3	Reds	1710	White	790
Step	4	Reds	1766	White	734
Step	5	Reds	1795	White	705
Step	6	Reds	1821	White	679
Step	7	Reds	1842	White	658
Step	8	Reds	1860	White	640
Step	9	Reds	1872	White	628
Step	10	Reds	1876	White	624
Step	11	Reds	1881	White	619
Step	12	Reds	1882	White	618
Step	13	Reds	1884	White	616
Step	14	Reds	1884	White	616
Step	15	Reds	1884	White	616
Step	16	Reds	1885	White	615
Step	17	Reds	1886	White	614
Step	18	Reds	1887	White	613
Step	19	Reds	1887	White	613
Step	20	Reds	1887	White	613
Step	21	Reds	1887	White	613
Step	22	Reds	1887	White	613
Step	23	Reds	1887	White	613
Step	24	Reds	1887	White	613
Step	25	Reds	1887	White	613
Step	26	Reds	1887	White	613
Step	27	Reds	1887	White	613
Step	28	Reds	1887	White	613
Step	29	Reds	1887	White	613
Step	30	Reds	1887	White	613
Step	31	Reds	1887	White	613
Step	32	Reds	1887	White	613
Step	33	Reds	1887	White	613
Step	34	Reds	1887	White	613
Step	35	Reds	1887	White	613
Step	36	Reds	1887	White	613
Step	37	Reds	1887	White	613
Step	38	Reds	1887	White	613
Step	39	Reds	1887	White	613
Step	40	Reds	1887	White	613
Step	41	Reds	1887	White	613
Step	42	Reds	1887	White	613
Step	43	Reds	1887	White	613
Step	44	Reds	1887	White	613
Step	45	Reds	1887	White	613
Step	46	Reds	1887	White	613
Step	47	Reds	1887	White	613
Step	48	Reds	1887	White	613
Step	49	Reds	1887	White	613
Step	50	Reds	1887	White	613
Step	51	Reds	1887	White	613
