Step	0	Reds	1276	White	1224
Step	1	Reds	1276	White	1224
Step	2	Reds	1296	White	1204
Step	3	Reds	1299	White	1201
Step	4	Reds	1284	White	1216
Step	5	Reds	1291	White	1209
Step	6	Reds	1298	White	1202
Step	7	Reds	1303	White	1197
Step	8	Reds	1311	White	1189
Step	9	Reds	1321	White	1179
Step	10	Reds	1320	White	1180
Step	11	Reds	1332	White	1168
Step	12	Reds	1344	White	1156
Step	13	Reds	1342	White	1158
Step	14	Reds	1333	White	1167
Step	15	Reds	1336	White	1164
Step	16	Reds	1344	White	1156
Step	17	Reds	1351	White	1149
Step	18	Reds	1348	White	1152
Step	19	Reds	1350	White	1150
Step	20	Reds	1356	White	1144
Step	21	Reds	1358	White	1142
Step	22	Reds	1366	White	1134
Step	23	Reds	1362	White	1138
Step	24	Reds	1365	White	1135
Step	25	Reds	1354	White	1146
Step	26	Reds	1360	White	1140
Step	27	Reds	1368	White	1132
Step	28	Reds	1368	White	1132
Step	29	Reds	1366	White	1134
Step	30	Reds	1355	White	1145
Step	31	Reds	1359	White	1141
Step	32	Reds	1359	White	1141
Step	33	Reds	1354	White	1146
Step	34	Reds	1350	White	1150
Step	35	Reds	1356	White	1144
Step	36	Reds	1365	White	1135
Step	37	Reds	1364	White	1136
Step	38	Reds	1358	White	1142
